\BOOKMARK [0][-]{chapter.1}{\376\377\0001\000\040\000C\000l\000a\000s\000s\000\040\000I\000n\000d\000e\000x}{}% 1
\BOOKMARK [1][-]{section.1.1}{\376\377\0001\000.\0001\000\040\000C\000l\000a\000s\000s\000\040\000L\000i\000s\000t}{chapter.1}% 2
\BOOKMARK [0][-]{chapter.2}{\376\377\0002\000\040\000F\000i\000l\000e\000\040\000I\000n\000d\000e\000x}{}% 3
\BOOKMARK [1][-]{section.2.1}{\376\377\0002\000.\0001\000\040\000F\000i\000l\000e\000\040\000L\000i\000s\000t}{chapter.2}% 4
\BOOKMARK [0][-]{chapter.3}{\376\377\0003\000\040\000C\000l\000a\000s\000s\000\040\000D\000o\000c\000u\000m\000e\000n\000t\000a\000t\000i\000o\000n}{}% 5
\BOOKMARK [1][-]{section.3.1}{\376\377\0003\000.\0001\000\040\000A\000c\000t\000i\000v\000e\000\137\000B\000i\000t\000\137\000R\000e\000g\000i\000s\000t\000e\000r\000\137\000T\000y\000p\000e\000D\000e\000f\000\040\000S\000t\000r\000u\000c\000t\000\040\000R\000e\000f\000e\000r\000e\000n\000c\000e}{chapter.3}% 6
\BOOKMARK [1][-]{section.3.2}{\376\377\0003\000.\0002\000\040\000C\000a\000n\000\137\000C\000o\000n\000f\000i\000g\000T\000y\000p\000e\000\040\000S\000t\000r\000u\000c\000t\000\040\000R\000e\000f\000e\000r\000e\000n\000c\000e}{chapter.3}% 7
\BOOKMARK [1][-]{section.3.3}{\376\377\0003\000.\0003\000\040\000C\000A\000N\000\137\000F\000i\000l\000t\000e\000r\000\137\000B\000a\000n\000k\000\137\000T\000y\000p\000e\000D\000e\000f\000\040\000S\000t\000r\000u\000c\000t\000\040\000R\000e\000f\000e\000r\000e\000n\000c\000e}{chapter.3}% 8
\BOOKMARK [1][-]{section.3.4}{\376\377\0003\000.\0004\000\040\000C\000A\000N\000\137\000F\000i\000l\000t\000e\000r\000\137\000C\000o\000n\000f\000i\000g\000\137\000t\000\040\000S\000t\000r\000u\000c\000t\000\040\000R\000e\000f\000e\000r\000e\000n\000c\000e}{chapter.3}% 9
\BOOKMARK [1][-]{section.3.5}{\376\377\0003\000.\0005\000\040\000C\000a\000n\000\137\000H\000w\000T\000y\000p\000e\000\040\000S\000t\000r\000u\000c\000t\000\040\000R\000e\000f\000e\000r\000e\000n\000c\000e}{chapter.3}% 10
\BOOKMARK [1][-]{section.3.6}{\376\377\0003\000.\0006\000\040\000C\000a\000n\000\137\000P\000d\000u\000T\000y\000p\000e\000\040\000S\000t\000r\000u\000c\000t\000\040\000R\000e\000f\000e\000r\000e\000n\000c\000e}{chapter.3}% 11
\BOOKMARK [1][-]{section.3.7}{\376\377\0003\000.\0007\000\040\000C\000A\000N\000\137\000R\000X\000\137\000F\000I\000F\000O\000\137\000T\000y\000p\000e\000D\000e\000f\000\040\000S\000t\000r\000u\000c\000t\000\040\000R\000e\000f\000e\000r\000e\000n\000c\000e}{chapter.3}% 12
\BOOKMARK [1][-]{section.3.8}{\376\377\0003\000.\0008\000\040\000C\000A\000N\000\137\000T\000X\000\137\000m\000a\000i\000l\000b\000o\000x\000\137\000T\000y\000p\000e\000D\000e\000f\000\040\000S\000t\000r\000u\000c\000t\000\040\000R\000e\000f\000e\000r\000e\000n\000c\000e}{chapter.3}% 13
\BOOKMARK [1][-]{section.3.9}{\376\377\0003\000.\0009\000\040\000C\000a\000n\000C\000o\000n\000f\000i\000g\000S\000e\000t\000\040\000S\000t\000r\000u\000c\000t\000\040\000R\000e\000f\000e\000r\000e\000n\000c\000e}{chapter.3}% 14
\BOOKMARK [1][-]{section.3.10}{\376\377\0003\000.\0001\0000\000\040\000C\000a\000n\000C\000o\000n\000t\000r\000o\000l\000l\000e\000r\000\040\000S\000t\000r\000u\000c\000t\000\040\000R\000e\000f\000e\000r\000e\000n\000c\000e}{chapter.3}% 15
\BOOKMARK [1][-]{section.3.11}{\376\377\0003\000.\0001\0001\000\040\000C\000a\000n\000C\000o\000n\000t\000r\000o\000l\000l\000e\000r\000B\000a\000u\000d\000r\000a\000t\000e\000C\000o\000n\000f\000i\000g\000\040\000S\000t\000r\000u\000c\000t\000\040\000R\000e\000f\000e\000r\000e\000n\000c\000e}{chapter.3}% 16
\BOOKMARK [1][-]{section.3.12}{\376\377\0003\000.\0001\0002\000\040\000C\000a\000n\000G\000e\000n\000e\000r\000a\000l\000\040\000S\000t\000r\000u\000c\000t\000\040\000R\000e\000f\000e\000r\000e\000n\000c\000e}{chapter.3}% 17
\BOOKMARK [1][-]{section.3.13}{\376\377\0003\000.\0001\0003\000\040\000C\000a\000n\000H\000a\000r\000d\000w\000a\000r\000e\000O\000b\000j\000e\000c\000t\000\040\000S\000t\000r\000u\000c\000t\000\040\000R\000e\000f\000e\000r\000e\000n\000c\000e}{chapter.3}% 18
\BOOKMARK [1][-]{section.3.14}{\376\377\0003\000.\0001\0004\000\040\000C\000a\000n\000H\000w\000F\000i\000l\000t\000e\000r\000\040\000S\000t\000r\000u\000c\000t\000\040\000R\000e\000f\000e\000r\000e\000n\000c\000e}{chapter.3}% 19
\BOOKMARK [1][-]{section.3.15}{\376\377\0003\000.\0001\0005\000\040\000C\000l\000e\000a\000r\000\137\000E\000n\000a\000b\000l\000e\000\137\000R\000e\000g\000i\000s\000t\000e\000r\000\137\000T\000y\000p\000e\000D\000e\000f\000\040\000S\000t\000r\000u\000c\000t\000\040\000R\000e\000f\000e\000r\000e\000n\000c\000e}{chapter.3}% 20
\BOOKMARK [1][-]{section.3.16}{\376\377\0003\000.\0001\0006\000\040\000C\000l\000e\000a\000r\000\137\000P\000e\000n\000d\000i\000n\000g\000\137\000R\000e\000g\000i\000s\000t\000e\000r\000\137\000T\000y\000p\000e\000D\000e\000f\000\040\000S\000t\000r\000u\000c\000t\000\040\000R\000e\000f\000e\000r\000e\000n\000c\000e}{chapter.3}% 21
\BOOKMARK [1][-]{section.3.17}{\376\377\0003\000.\0001\0007\000\040\000D\000i\000o\000\137\000C\000h\000a\000n\000n\000e\000l\000G\000r\000o\000u\000p\000T\000y\000p\000e\000\040\000S\000t\000r\000u\000c\000t\000\040\000R\000e\000f\000e\000r\000e\000n\000c\000e}{chapter.3}% 22
\BOOKMARK [1][-]{section.3.18}{\376\377\0003\000.\0001\0008\000\040\000F\000I\000F\000O\000\137\000B\000u\000f\000\137\000t\000\040\000S\000t\000r\000u\000c\000t\000\040\000R\000e\000f\000e\000r\000e\000n\000c\000e}{chapter.3}% 23
\BOOKMARK [1][-]{section.3.19}{\376\377\0003\000.\0001\0009\000\040\000G\000P\000I\000O\000\137\000T\000y\000p\000e\000D\000e\000f\000\040\000S\000t\000r\000u\000c\000t\000\040\000R\000e\000f\000e\000r\000e\000n\000c\000e}{chapter.3}% 24
\BOOKMARK [1][-]{section.3.20}{\376\377\0003\000.\0002\0000\000\040\000I\000c\000u\000\137\000C\000o\000n\000f\000i\000g\000T\000y\000p\000e\000\040\000S\000t\000r\000u\000c\000t\000\040\000R\000e\000f\000e\000r\000e\000n\000c\000e}{chapter.3}% 25
\BOOKMARK [1][-]{section.3.21}{\376\377\0003\000.\0002\0001\000\040\000I\000c\000u\000\137\000D\000u\000t\000y\000C\000y\000c\000l\000e\000T\000y\000p\000e\000\040\000S\000t\000r\000u\000c\000t\000\040\000R\000e\000f\000e\000r\000e\000n\000c\000e}{chapter.3}% 26
\BOOKMARK [1][-]{section.3.22}{\376\377\0003\000.\0002\0002\000\040\000I\000c\000u\000C\000h\000a\000n\000n\000e\000l\000\040\000S\000t\000r\000u\000c\000t\000\040\000R\000e\000f\000e\000r\000e\000n\000c\000e}{chapter.3}% 27
\BOOKMARK [1][-]{section.3.23}{\376\377\0003\000.\0002\0003\000\040\000I\000c\000u\000C\000o\000n\000f\000i\000g\000S\000e\000t\000\040\000S\000t\000r\000u\000c\000t\000\040\000R\000e\000f\000e\000r\000e\000n\000c\000e}{chapter.3}% 28
\BOOKMARK [1][-]{section.3.24}{\376\377\0003\000.\0002\0004\000\040\000I\000c\000u\000S\000i\000g\000n\000a\000l\000M\000e\000a\000s\000u\000r\000e\000m\000e\000n\000t\000\040\000S\000t\000r\000u\000c\000t\000\040\000R\000e\000f\000e\000r\000e\000n\000c\000e}{chapter.3}% 29
\BOOKMARK [1][-]{section.3.25}{\376\377\0003\000.\0002\0005\000\040\000M\000e\000s\000s\000a\000g\000e\000\137\000O\000b\000j\000e\000c\000t\000\137\000S\000t\000a\000t\000u\000s\000\040\000S\000t\000r\000u\000c\000t\000\040\000R\000e\000f\000e\000r\000e\000n\000c\000e}{chapter.3}% 30
\BOOKMARK [1][-]{section.3.26}{\376\377\0003\000.\0002\0006\000\040\000M\000e\000s\000s\000a\000g\000e\000O\000b\000j\000e\000c\000t\000\040\000S\000t\000r\000u\000c\000t\000\040\000R\000e\000f\000e\000r\000e\000n\000c\000e}{chapter.3}% 31
\BOOKMARK [1][-]{section.3.27}{\376\377\0003\000.\0002\0007\000\040\000M\000u\000t\000e\000x\000\137\000R\000e\000f\000\040\000S\000t\000r\000u\000c\000t\000\040\000R\000e\000f\000e\000r\000e\000n\000c\000e}{chapter.3}% 32
\BOOKMARK [1][-]{section.3.28}{\376\377\0003\000.\0002\0008\000\040\000P\000d\000u\000I\000n\000f\000o\000T\000y\000p\000e\000\040\000S\000t\000r\000u\000c\000t\000\040\000R\000e\000f\000e\000r\000e\000n\000c\000e}{chapter.3}% 33
\BOOKMARK [1][-]{section.3.29}{\376\377\0003\000.\0002\0009\000\040\000P\000o\000r\000t\000\137\000C\000o\000n\000f\000i\000g\000T\000y\000p\000e\000\040\000S\000t\000r\000u\000c\000t\000\040\000R\000e\000f\000e\000r\000e\000n\000c\000e}{chapter.3}% 34
\BOOKMARK [1][-]{section.3.30}{\376\377\0003\000.\0003\0000\000\040\000P\000o\000r\000t\000C\000o\000n\000f\000i\000g\000S\000e\000t\000\040\000S\000t\000r\000u\000c\000t\000\040\000R\000e\000f\000e\000r\000e\000n\000c\000e}{chapter.3}% 35
\BOOKMARK [1][-]{section.3.31}{\376\377\0003\000.\0003\0001\000\040\000P\000o\000r\000t\000C\000o\000n\000t\000a\000i\000n\000e\000r\000\040\000S\000t\000r\000u\000c\000t\000\040\000R\000e\000f\000e\000r\000e\000n\000c\000e}{chapter.3}% 36
\BOOKMARK [1][-]{section.3.32}{\376\377\0003\000.\0003\0002\000\040\000P\000o\000r\000t\000P\000i\000n\000\040\000S\000t\000r\000u\000c\000t\000\040\000R\000e\000f\000e\000r\000e\000n\000c\000e}{chapter.3}% 37
\BOOKMARK [1][-]{section.3.33}{\376\377\0003\000.\0003\0003\000\040\000P\000r\000i\000o\000r\000i\000t\000y\000\137\000R\000e\000g\000i\000s\000t\000e\000r\000\137\000T\000y\000p\000e\000D\000e\000f\000\040\000S\000t\000r\000u\000c\000t\000\040\000R\000e\000f\000e\000r\000e\000n\000c\000e}{chapter.3}% 38
\BOOKMARK [1][-]{section.3.34}{\376\377\0003\000.\0003\0004\000\040\000P\000w\000m\000\137\000C\000o\000n\000f\000i\000g\000T\000y\000p\000e\000\040\000S\000t\000r\000u\000c\000t\000\040\000R\000e\000f\000e\000r\000e\000n\000c\000e}{chapter.3}% 39
\BOOKMARK [1][-]{section.3.35}{\376\377\0003\000.\0003\0005\000\040\000P\000w\000m\000C\000h\000a\000n\000n\000e\000l\000\040\000S\000t\000r\000u\000c\000t\000\040\000R\000e\000f\000e\000r\000e\000n\000c\000e}{chapter.3}% 40
\BOOKMARK [1][-]{section.3.36}{\376\377\0003\000.\0003\0006\000\040\000P\000w\000m\000C\000h\000a\000n\000n\000e\000l\000C\000o\000n\000f\000i\000g\000S\000e\000t\000\040\000S\000t\000r\000u\000c\000t\000\040\000R\000e\000f\000e\000r\000e\000n\000c\000e}{chapter.3}% 41
\BOOKMARK [1][-]{section.3.37}{\376\377\0003\000.\0003\0007\000\040\000R\000C\000C\000\137\000T\000y\000p\000e\000D\000e\000f\000\040\000S\000t\000r\000u\000c\000t\000\040\000R\000e\000f\000e\000r\000e\000n\000c\000e}{chapter.3}% 42
\BOOKMARK [1][-]{section.3.38}{\376\377\0003\000.\0003\0008\000\040\000S\000e\000m\000a\000p\000h\000o\000r\000e\000\137\000R\000e\000f\000\040\000S\000t\000r\000u\000c\000t\000\040\000R\000e\000f\000e\000r\000e\000n\000c\000e}{chapter.3}% 43
\BOOKMARK [1][-]{section.3.39}{\376\377\0003\000.\0003\0009\000\040\000S\000e\000t\000\137\000E\000n\000a\000b\000l\000e\000\137\000R\000e\000g\000i\000s\000t\000e\000r\000\137\000T\000y\000p\000e\000D\000e\000f\000\040\000S\000t\000r\000u\000c\000t\000\040\000R\000e\000f\000e\000r\000e\000n\000c\000e}{chapter.3}% 44
\BOOKMARK [1][-]{section.3.40}{\376\377\0003\000.\0004\0000\000\040\000S\000e\000t\000\137\000P\000e\000n\000d\000i\000n\000g\000\137\000R\000e\000g\000i\000s\000t\000e\000r\000\137\000T\000y\000p\000e\000D\000e\000f\000\040\000S\000t\000r\000u\000c\000t\000\040\000R\000e\000f\000e\000r\000e\000n\000c\000e}{chapter.3}% 45
\BOOKMARK [1][-]{section.3.41}{\376\377\0003\000.\0004\0001\000\040\000S\000t\000d\000\137\000T\000r\000a\000n\000s\000f\000o\000r\000m\000e\000r\000E\000r\000r\000o\000r\000\040\000S\000t\000r\000u\000c\000t\000\040\000R\000e\000f\000e\000r\000e\000n\000c\000e}{chapter.3}% 46
\BOOKMARK [1][-]{section.3.42}{\376\377\0003\000.\0004\0002\000\040\000S\000t\000d\000\137\000V\000e\000r\000s\000i\000o\000n\000I\000n\000f\000o\000T\000y\000p\000e\000\040\000S\000t\000r\000u\000c\000t\000\040\000R\000e\000f\000e\000r\000e\000n\000c\000e}{chapter.3}% 47
\BOOKMARK [1][-]{section.3.43}{\376\377\0003\000.\0004\0003\000\040\000S\000y\000s\000t\000e\000m\000\137\000C\000o\000n\000c\000t\000r\000o\000l\000\040\000S\000t\000r\000u\000c\000t\000\040\000R\000e\000f\000e\000r\000e\000n\000c\000e}{chapter.3}% 48
\BOOKMARK [1][-]{section.3.44}{\376\377\0003\000.\0004\0004\000\040\000T\000a\000s\000k\000R\000e\000f\000T\000y\000p\000e\000\040\000S\000t\000r\000u\000c\000t\000\040\000R\000e\000f\000e\000r\000e\000n\000c\000e}{chapter.3}% 49
\BOOKMARK [1][-]{section.3.45}{\376\377\0003\000.\0004\0005\000\040\000T\000i\000m\000e\000\137\000M\000e\000a\000s\000u\000r\000e\000m\000e\000n\000t\000\040\000S\000t\000r\000u\000c\000t\000\040\000R\000e\000f\000e\000r\000e\000n\000c\000e}{chapter.3}% 50
\BOOKMARK [1][-]{section.3.46}{\376\377\0003\000.\0004\0006\000\040\000T\000I\000M\000x\000\137\000T\000y\000p\000e\000D\000e\000f\000\040\000S\000t\000r\000u\000c\000t\000\040\000R\000e\000f\000e\000r\000e\000n\000c\000e}{chapter.3}% 51
\BOOKMARK [1][-]{section.3.47}{\376\377\0003\000.\0004\0007\000\040\000U\000S\000A\000R\000T\000\137\000c\000o\000n\000f\000i\000g\000\137\000t\000\040\000S\000t\000r\000u\000c\000t\000\040\000R\000e\000f\000e\000r\000e\000n\000c\000e}{chapter.3}% 52
\BOOKMARK [1][-]{section.3.48}{\376\377\0003\000.\0004\0008\000\040\000U\000S\000A\000R\000T\000\137\000T\000y\000p\000e\000D\000e\000f\000\040\000S\000t\000r\000u\000c\000t\000\040\000R\000e\000f\000e\000r\000e\000n\000c\000e}{chapter.3}% 53
\BOOKMARK [0][-]{chapter.4}{\376\377\0004\000\040\000F\000i\000l\000e\000\040\000D\000o\000c\000u\000m\000e\000n\000t\000a\000t\000i\000o\000n}{}% 54
\BOOKMARK [1][-]{section.4.1}{\376\377\0004\000.\0001\000\040\000C\000a\000n\000.\000h}{chapter.4}% 55
\BOOKMARK [1][-]{section.4.2}{\376\377\0004\000.\0002\000\040\000C\000a\000n\000\137\000C\000f\000g\000.\000h}{chapter.4}% 56
\BOOKMARK [1][-]{section.4.3}{\376\377\0004\000.\0003\000\040\000C\000a\000n\000\137\000G\000e\000n\000e\000r\000a\000l\000T\000y\000p\000e\000s\000.\000h}{chapter.4}% 57
\BOOKMARK [1][-]{section.4.4}{\376\377\0004\000.\0004\000\040\000C\000o\000m\000S\000t\000a\000c\000k\000\137\000T\000y\000p\000e\000s\000.\000h}{chapter.4}% 58
\BOOKMARK [1][-]{section.4.5}{\376\377\0004\000.\0005\000\040\000s\000t\000m\0003\0002\000\137\000f\0001\0000\0003\000c\0006\000\137\000C\000A\000N\000.\000h}{chapter.4}% 59
\BOOKMARK [1][-]{section.4.6}{\376\377\0004\000.\0006\000\040\000C\000a\000n\000I\000f\000.\000h}{chapter.4}% 60
\BOOKMARK [1][-]{section.4.7}{\376\377\0004\000.\0007\000\040\000C\000a\000n\000I\000f\000\137\000C\000b\000k\000.\000h}{chapter.4}% 61
\BOOKMARK [1][-]{section.4.8}{\376\377\0004\000.\0008\000\040\000C\000a\000n\000I\000f\000\137\000T\000y\000p\000e\000s\000.\000h}{chapter.4}% 62
\BOOKMARK [1][-]{section.4.9}{\376\377\0004\000.\0009\000\040\000D\000e\000t\000.\000h}{chapter.4}% 63
\BOOKMARK [1][-]{section.4.10}{\376\377\0004\000.\0001\0000\000\040\000P\000l\000a\000t\000f\000o\000r\000m\000\137\000T\000y\000p\000e\000s\000.\000h}{chapter.4}% 64
\BOOKMARK [1][-]{section.4.11}{\376\377\0004\000.\0001\0001\000\040\000S\000t\000d\000\137\000T\000y\000p\000e\000s\000.\000h}{chapter.4}% 65
\BOOKMARK [1][-]{section.4.12}{\376\377\0004\000.\0001\0002\000\040\000s\000t\000m\0003\0002\000f\0001\0000\0003\000x\0006\000.\000h}{chapter.4}% 66
\BOOKMARK [1][-]{section.4.13}{\376\377\0004\000.\0001\0003\000\040\000B\000l\000u\000e\000t\000o\000o\000t\000h\000\137\000S\000W\000C\000.\000h}{chapter.4}% 67
\BOOKMARK [1][-]{section.4.14}{\376\377\0004\000.\0001\0004\000\040\000C\000o\000r\000t\000e\000x\000\137\000M\0003\000\137\000N\000V\000I\000C\000.\000h}{chapter.4}% 68
\BOOKMARK [1][-]{section.4.15}{\376\377\0004\000.\0001\0005\000\040\000d\000e\000l\000a\000y\000.\000h}{chapter.4}% 69
\BOOKMARK [1][-]{section.4.16}{\376\377\0004\000.\0001\0006\000\040\000R\000C\000\137\000C\000a\000r\000.\000h}{chapter.4}% 70
\BOOKMARK [1][-]{section.4.17}{\376\377\0004\000.\0001\0007\000\040\000s\000t\000m\0003\0002\000\137\000f\0001\0000\0003\000c\0006\000\137\000R\000C\000C\000.\000h}{chapter.4}% 71
\BOOKMARK [1][-]{section.4.18}{\376\377\0004\000.\0001\0008\000\040\000s\000t\000m\0003\0002\000\137\000f\0001\0000\0003\000c\0006\000\137\000U\000S\000A\000R\000T\000.\000h}{chapter.4}% 72
\BOOKMARK [1][-]{section.4.19}{\376\377\0004\000.\0001\0009\000\040\000D\000i\000o\000.\000h}{chapter.4}% 73
\BOOKMARK [1][-]{section.4.20}{\376\377\0004\000.\0002\0000\000\040\000D\000i\000o\000\137\000C\000f\000g\000.\000h}{chapter.4}% 74
\BOOKMARK [1][-]{section.4.21}{\376\377\0004\000.\0002\0001\000\040\000I\000c\000u\000.\000h}{chapter.4}% 75
\BOOKMARK [1][-]{section.4.22}{\376\377\0004\000.\0002\0002\000\040\000I\000c\000u\000\137\000C\000f\000g\000.\000h}{chapter.4}% 76
\BOOKMARK [1][-]{section.4.23}{\376\377\0004\000.\0002\0003\000\040\000C\000o\000r\000t\000e\000x\000\137\000M\000x\000\137\000P\000o\000r\000t\000i\000n\000g\000.\000h}{chapter.4}% 77
\BOOKMARK [1][-]{section.4.24}{\376\377\0004\000.\0002\0004\000\040\000E\000v\000e\000n\000t\000.\000h}{chapter.4}% 78
\BOOKMARK [1][-]{section.4.25}{\376\377\0004\000.\0002\0005\000\040\000M\000Y\000\137\000R\000T\000O\000S\000\137\000F\000I\000F\000O\000.\000h}{chapter.4}% 79
\BOOKMARK [1][-]{section.4.26}{\376\377\0004\000.\0002\0006\000\040\000S\000c\000h\000e\000d\000u\000l\000e\000r\000.\000h}{chapter.4}% 80
\BOOKMARK [1][-]{section.4.27}{\376\377\0004\000.\0002\0007\000\040\000T\000a\000s\000k\000.\000h}{chapter.4}% 81
\BOOKMARK [1][-]{section.4.28}{\376\377\0004\000.\0002\0008\000\040\000T\000a\000s\000k\000\137\000C\000o\000n\000f\000i\000g\000.\000h}{chapter.4}% 82
\BOOKMARK [1][-]{section.4.29}{\376\377\0004\000.\0002\0009\000\040\000T\000y\000p\000e\000.\000h}{chapter.4}% 83
\BOOKMARK [1][-]{section.4.30}{\376\377\0004\000.\0003\0000\000\040\000P\000o\000r\000t\000.\000h}{chapter.4}% 84
\BOOKMARK [1][-]{section.4.31}{\376\377\0004\000.\0003\0001\000\040\000P\000o\000r\000t\000\137\000C\000f\000g\000.\000h}{chapter.4}% 85
\BOOKMARK [1][-]{section.4.32}{\376\377\0004\000.\0003\0002\000\040\000P\000w\000m\000.\000h}{chapter.4}% 86
\BOOKMARK [1][-]{section.4.33}{\376\377\0004\000.\0003\0003\000\040\000P\000w\000m\000\137\000C\000f\000g\000.\000h}{chapter.4}% 87
\BOOKMARK [1][-]{section.4.34}{\376\377\0004\000.\0003\0004\000\040\000S\000r\000c\000/\000E\000c\000u\000m\000.\000c\000\040\000F\000i\000l\000e\000\040\000R\000e\000f\000e\000r\000e\000n\000c\000e}{chapter.4}% 88
\BOOKMARK [1][-]{section.4.35}{\376\377\0004\000.\0003\0005\000\040\000S\000r\000c\000/\000m\000a\000i\000n\000.\000c\000\040\000F\000i\000l\000e\000\040\000R\000e\000f\000e\000r\000e\000n\000c\000e}{chapter.4}% 89
\BOOKMARK [2][-]{subsection.4.35.1}{\376\377\0004\000.\0003\0005\000.\0001\000\040\000D\000e\000t\000a\000i\000l\000e\000d\000\040\000D\000e\000s\000c\000r\000i\000p\000t\000i\000o\000n}{section.4.35}% 90
\BOOKMARK [2][-]{subsection.4.35.2}{\376\377\0004\000.\0003\0005\000.\0002\000\040\000F\000u\000n\000c\000t\000i\000o\000n\000\040\000D\000o\000c\000u\000m\000e\000n\000t\000a\000t\000i\000o\000n}{section.4.35}% 91
\BOOKMARK [3][-]{subsubsection.4.35.2.1}{\376\377\0004\000.\0003\0005\000.\0002\000.\0001\000\040\000C\000a\000n\000\137\000F\000i\000l\000t\000e\000r\000\050\000\051}{subsection.4.35.2}% 92
\BOOKMARK [3][-]{subsubsection.4.35.2.2}{\376\377\0004\000.\0003\0005\000.\0002\000.\0002\000\040\000m\000a\000i\000n\000\050\000\051}{subsection.4.35.2}% 93
